<?xml version="1.0" encoding="UTF-8"?>
<coverage generated="1777104684749" clover="3.2.0">
  <project timestamp="1777104684749" name="All files">
    <metrics statements="98" coveredstatements="81" conditionals="58" coveredconditionals="46" methods="27" coveredmethods="22" elements="183" coveredelements="149" complexity="0" loc="98" ncloc="98" packages="1" files="2" classes="2"/>
    <file name="App.jsx" path="/Users/dev/Hackathons/AI-Learning-Companion-Hackathon-26/frontend/src/App.jsx">
      <metrics statements="97" coveredstatements="81" conditionals="58" coveredconditionals="46" methods="27" coveredmethods="22"/>
      <line num="6" count="22" type="stmt"/>
      <line num="7" count="22" type="stmt"/>
      <line num="8" count="22" type="stmt"/>
      <line num="11" count="22" type="stmt"/>
      <line num="12" count="22" type="stmt"/>
      <line num="13" count="22" type="stmt"/>
      <line num="14" count="22" type="stmt"/>
      <line num="17" count="22" type="stmt"/>
      <line num="18" count="22" type="stmt"/>
      <line num="21" count="22" type="stmt"/>
      <line num="22" count="22" type="stmt"/>
      <line num="23" count="22" type="stmt"/>
      <line num="24" count="22" type="stmt"/>
      <line num="26" count="22" type="stmt"/>
      <line num="27" count="5" type="stmt"/>
      <line num="28" count="5" type="stmt"/>
      <line num="30" count="5" type="cond" truecount="3" falsecount="1"/>
      <line num="31" count="5" type="stmt"/>
      <line num="34" count="0" type="stmt"/>
      <line num="36" count="5" type="stmt"/>
      <line num="37" count="5" type="stmt"/>
      <line num="38" count="5" type="stmt"/>
      <line num="39" count="0" type="stmt"/>
      <line num="42" count="22" type="stmt"/>
      <line num="43" count="12" type="stmt"/>
      <line num="46" count="22" type="stmt"/>
      <line num="47" count="4" type="stmt"/>
      <line num="48" count="4" type="stmt"/>
      <line num="49" count="4" type="stmt"/>
      <line num="50" count="4" type="stmt"/>
      <line num="51" count="4" type="stmt"/>
      <line num="52" count="4" type="stmt"/>
      <line num="55" count="22" type="cond" truecount="1" falsecount="0"/>
      <line num="56" count="1" type="stmt"/>
      <line num="57" count="1" type="stmt"/>
      <line num="58" count="1" type="stmt"/>
      <line num="60" count="1" type="stmt"/>
      <line num="61" count="1" type="stmt"/>
      <line num="66" count="1" type="stmt"/>
      <line num="67" count="1" type="stmt"/>
      <line num="69" count="0" type="stmt"/>
      <line num="70" count="0" type="stmt"/>
      <line num="72" count="1" type="stmt"/>
      <line num="76" count="22" type="stmt"/>
      <line num="77" count="0" type="cond" truecount="0" falsecount="2"/>
      <line num="78" count="0" type="stmt"/>
      <line num="79" count="0" type="stmt"/>
      <line num="80" count="0" type="stmt"/>
      <line num="85" count="0" type="stmt"/>
      <line num="86" count="0" type="stmt"/>
      <line num="88" count="0" type="stmt"/>
      <line num="90" count="0" type="stmt"/>
      <line num="94" count="22" type="stmt"/>
      <line num="95" count="1" type="cond" truecount="3" falsecount="1"/>
      <line num="96" count="1" type="stmt"/>
      <line num="97" count="1" type="stmt"/>
      <line num="98" count="1" type="stmt"/>
      <line num="99" count="1" type="stmt"/>
      <line num="101" count="1" type="stmt"/>
      <line num="102" count="1" type="stmt"/>
      <line num="104" count="1" type="stmt"/>
      <line num="105" count="1" type="stmt"/>
      <line num="109" count="1" type="stmt"/>
      <line num="110" count="1" type="cond" truecount="1" falsecount="1"/>
      <line num="111" count="1" type="stmt"/>
      <line num="113" count="0" type="cond" truecount="0" falsecount="2"/>
      <line num="116" count="0" type="stmt"/>
      <line num="118" count="1" type="stmt"/>
      <line num="119" count="1" type="stmt"/>
      <line num="123" count="22" type="stmt"/>
      <line num="124" count="1" type="cond" truecount="4" falsecount="1"/>
      <line num="125" count="1" type="stmt"/>
      <line num="126" count="1" type="stmt"/>
      <line num="127" count="1" type="stmt"/>
      <line num="128" count="1" type="stmt"/>
      <line num="130" count="1" type="stmt"/>
      <line num="131" count="1" type="stmt"/>
      <line num="136" count="1" type="stmt"/>
      <line num="137" count="1" type="stmt"/>
      <line num="139" count="0" type="stmt"/>
      <line num="141" count="1" type="stmt"/>
      <line num="146" count="22" type="stmt"/>
      <line num="167" count="17" type="stmt"/>
      <line num="171" count="17" type="stmt"/>
      <line num="172" count="17" type="stmt"/>
      <line num="173" count="17" type="cond" truecount="1" falsecount="1"/>
      <line num="174" count="17" type="stmt"/>
      <line num="175" count="17" type="stmt"/>
      <line num="176" count="17" type="stmt"/>
      <line num="177" count="17" type="stmt"/>
      <line num="194" count="17" type="stmt"/>
      <line num="196" count="4" type="stmt"/>
      <line num="228" count="1" type="stmt"/>
      <line num="249" count="1" type="stmt"/>
      <line num="256" count="0" type="stmt"/>
      <line num="305" count="3" type="cond" truecount="2" falsecount="0"/>
      <line num="326" count="1" type="stmt"/>
    </file>
    <file name="main.jsx" path="/Users/dev/Hackathons/AI-Learning-Companion-Hackathon-26/frontend/src/main.jsx">
      <metrics statements="1" coveredstatements="0" conditionals="0" coveredconditionals="0" methods="0" coveredmethods="0"/>
      <line num="6" count="0" type="stmt"/>
    </file>
  </project>
</coverage>
