{"/Users/dev/Hackathons/AI-Learning-Companion-Hackathon-26/frontend/src/App.jsx": {"path":"/Users/dev/Hackathons/AI-Learning-Companion-Hackathon-26/frontend/src/App.jsx","statementMap":{"0":{"start":{"line":6,"column":18},"end":{"line":6,"column":44}},"1":{"start":{"line":7,"column":19},"end":{"line":7,"column":73}},"2":{"start":{"line":8,"column":24},"end":{"line":8,"column":58}},"3":{"start":{"line":11,"column":28},"end":{"line":11,"column":67}},"4":{"start":{"line":12,"column":21},"end":{"line":12,"column":50}},"5":{"start":{"line":13,"column":22},"end":{"line":13,"column":55}},"6":{"start":{"line":14,"column":23},"end":{"line":14,"column":54}},"7":{"start":{"line":17,"column":24},"end":{"line":17,"column":56}},"8":{"start":{"line":18,"column":26},"end":{"line":18,"column":63}},"9":{"start":{"line":21,"column":23},"end":{"line":21,"column":54}},"10":{"start":{"line":22,"column":25},"end":{"line":22,"column":58}},"11":{"start":{"line":23,"column":21},"end":{"line":23,"column":53}},"12":{"start":{"line":24,"column":8},"end":{"line":24,"column":33}},"13":{"start":{"line":26,"column":2},"end":{"line":40,"column":null}},"14":{"start":{"line":27,"column":4},"end":{"line":34,"column":null}},"15":{"start":{"line":28,"column":19},"end":{"line":28,"column":29}},"16":{"start":{"line":30,"column":8},"end":{"line":31,"column":null}},"17":{"start":{"line":31,"column":10},"end":{"line":31,"column":null}},"18":{"start":{"line":34,"column":20},"end":{"line":34,"column":65}},"19":{"start":{"line":36,"column":4},"end":{"line":39,"column":null}},"20":{"start":{"line":37,"column":19},"end":{"line":37,"column":29}},"21":{"start":{"line":38,"column":20},"end":{"line":38,"column":37}},"22":{"start":{"line":39,"column":20},"end":{"line":39,"column":66}},"23":{"start":{"line":42,"column":2},"end":{"line":44,"column":null}},"24":{"start":{"line":43,"column":4},"end":{"line":43,"column":null}},"25":{"start":{"line":46,"column":8},"end":{"line":52,"column":null}},"26":{"start":{"line":47,"column":4},"end":{"line":47,"column":null}},"27":{"start":{"line":48,"column":4},"end":{"line":48,"column":null}},"28":{"start":{"line":49,"column":4},"end":{"line":49,"column":null}},"29":{"start":{"line":50,"column":4},"end":{"line":50,"column":null}},"30":{"start":{"line":51,"column":4},"end":{"line":51,"column":null}},"31":{"start":{"line":52,"column":4},"end":{"line":52,"column":null}},"32":{"start":{"line":55,"column":21},"end":{"line":72,"column":null}},"33":{"start":{"line":56,"column":4},"end":{"line":56,"column":null}},"34":{"start":{"line":57,"column":4},"end":{"line":57,"column":null}},"35":{"start":{"line":58,"column":4},"end":{"line":58,"column":null}},"36":{"start":{"line":60,"column":4},"end":{"line":72,"column":null}},"37":{"start":{"line":61,"column":18},"end":{"line":65,"column":8}},"38":{"start":{"line":66,"column":19},"end":{"line":66,"column":35}},"39":{"start":{"line":67,"column":6},"end":{"line":67,"column":null}},"40":{"start":{"line":69,"column":6},"end":{"line":69,"column":null}},"41":{"start":{"line":70,"column":6},"end":{"line":70,"column":null}},"42":{"start":{"line":72,"column":6},"end":{"line":72,"column":null}},"43":{"start":{"line":76,"column":25},"end":{"line":90,"column":null}},"44":{"start":{"line":77,"column":4},"end":{"line":77,"column":null}},"45":{"start":{"line":77,"column":24},"end":{"line":77,"column":null}},"46":{"start":{"line":78,"column":4},"end":{"line":78,"column":null}},"47":{"start":{"line":79,"column":4},"end":{"line":90,"column":null}},"48":{"start":{"line":80,"column":18},"end":{"line":84,"column":8}},"49":{"start":{"line":85,"column":19},"end":{"line":85,"column":35}},"50":{"start":{"line":86,"column":6},"end":{"line":86,"column":null}},"51":{"start":{"line":88,"column":6},"end":{"line":88,"column":null}},"52":{"start":{"line":90,"column":6},"end":{"line":90,"column":null}},"53":{"start":{"line":94,"column":27},"end":{"line":119,"column":null}},"54":{"start":{"line":95,"column":4},"end":{"line":95,"column":null}},"55":{"start":{"line":95,"column":46},"end":{"line":95,"column":null}},"56":{"start":{"line":96,"column":17},"end":{"line":96,"column":null}},"57":{"start":{"line":97,"column":21},"end":{"line":97,"column":35}},"58":{"start":{"line":98,"column":4},"end":{"line":98,"column":null}},"59":{"start":{"line":99,"column":4},"end":{"line":99,"column":null}},"60":{"start":{"line":101,"column":4},"end":{"line":101,"column":null}},"61":{"start":{"line":102,"column":4},"end":{"line":102,"column":null}},"62":{"start":{"line":104,"column":4},"end":{"line":119,"column":null}},"63":{"start":{"line":105,"column":18},"end":{"line":108,"column":8}},"64":{"start":{"line":109,"column":19},"end":{"line":109,"column":35}},"65":{"start":{"line":110,"column":6},"end":{"line":113,"column":null}},"66":{"start":{"line":111,"column":8},"end":{"line":111,"column":null}},"67":{"start":{"line":113,"column":8},"end":{"line":113,"column":null}},"68":{"start":{"line":116,"column":6},"end":{"line":116,"column":null}},"69":{"start":{"line":118,"column":6},"end":{"line":118,"column":null}},"70":{"start":{"line":119,"column":6},"end":{"line":119,"column":null}},"71":{"start":{"line":123,"column":28},"end":{"line":141,"column":null}},"72":{"start":{"line":124,"column":4},"end":{"line":141,"column":null}},"73":{"start":{"line":125,"column":18},"end":{"line":125,"column":39}},"74":{"start":{"line":126,"column":6},"end":{"line":126,"column":null}},"75":{"start":{"line":127,"column":6},"end":{"line":127,"column":null}},"76":{"start":{"line":127,"column":30},"end":{"line":127,"column":68}},"77":{"start":{"line":128,"column":6},"end":{"line":128,"column":null}},"78":{"start":{"line":130,"column":6},"end":{"line":141,"column":null}},"79":{"start":{"line":131,"column":20},"end":{"line":135,"column":10}},"80":{"start":{"line":136,"column":21},"end":{"line":136,"column":37}},"81":{"start":{"line":137,"column":8},"end":{"line":137,"column":null}},"82":{"start":{"line":137,"column":32},"end":{"line":137,"column":78}},"83":{"start":{"line":139,"column":8},"end":{"line":139,"column":null}},"84":{"start":{"line":139,"column":32},"end":{"line":139,"column":100}},"85":{"start":{"line":141,"column":8},"end":{"line":141,"column":null}},"86":{"start":{"line":146,"column":2},"end":{"line":330,"column":null}},"87":{"start":{"line":167,"column":12},"end":{"line":207,"column":null}},"88":{"start":{"line":171,"column":32},"end":{"line":171,"column":null}},"89":{"start":{"line":172,"column":36},"end":{"line":172,"column":null}},"90":{"start":{"line":172,"column":62},"end":{"line":172,"column":87}},"91":{"start":{"line":173,"column":30},"end":{"line":173,"column":null}},"92":{"start":{"line":174,"column":33},"end":{"line":174,"column":null}},"93":{"start":{"line":175,"column":40},"end":{"line":175,"column":null}},"94":{"start":{"line":176,"column":33},"end":{"line":176,"column":null}},"95":{"start":{"line":177,"column":18},"end":{"line":186,"column":null}},"96":{"start":{"line":194,"column":18},"end":{"line":204,"column":null}},"97":{"start":{"line":196,"column":35},"end":{"line":196,"column":59}},"98":{"start":{"line":228,"column":35},"end":{"line":228,"column":null}},"99":{"start":{"line":249,"column":33},"end":{"line":249,"column":70}},"100":{"start":{"line":256,"column":33},"end":{"line":256,"column":62}},"101":{"start":{"line":305,"column":16},"end":{"line":307,"column":null}},"102":{"start":{"line":326,"column":31},"end":{"line":326,"column":64}}},"fnMap":{"0":{"name":"App","decl":{"start":{"line":5,"column":9},"end":{"line":5,"column":15}},"loc":{"start":{"line":5,"column":15},"end":{"line":330,"column":null}},"line":5},"1":{"name":"(anonymous_1)","decl":{"start":{"line":26,"column":2},"end":{"line":26,"column":18}},"loc":{"start":{"line":26,"column":18},"end":{"line":40,"column":7}},"line":26},"2":{"name":"(anonymous_2)","decl":{"start":{"line":28,"column":7},"end":{"line":28,"column":12}},"loc":{"start":{"line":28,"column":19},"end":{"line":28,"column":29}},"line":28},"3":{"name":"(anonymous_3)","decl":{"start":{"line":29,"column":7},"end":{"line":29,"column":12}},"loc":{"start":{"line":29,"column":20},"end":{"line":33,"column":null}},"line":29},"4":{"name":"(anonymous_4)","decl":{"start":{"line":34,"column":7},"end":{"line":34,"column":13}},"loc":{"start":{"line":34,"column":20},"end":{"line":34,"column":65}},"line":34},"5":{"name":"(anonymous_5)","decl":{"start":{"line":37,"column":7},"end":{"line":37,"column":12}},"loc":{"start":{"line":37,"column":19},"end":{"line":37,"column":29}},"line":37},"6":{"name":"(anonymous_6)","decl":{"start":{"line":38,"column":7},"end":{"line":38,"column":12}},"loc":{"start":{"line":38,"column":20},"end":{"line":38,"column":37}},"line":38},"7":{"name":"(anonymous_7)","decl":{"start":{"line":39,"column":7},"end":{"line":39,"column":13}},"loc":{"start":{"line":39,"column":20},"end":{"line":39,"column":66}},"line":39},"8":{"name":"(anonymous_8)","decl":{"start":{"line":42,"column":2},"end":{"line":42,"column":18}},"loc":{"start":{"line":42,"column":18},"end":{"line":44,"column":6}},"line":42},"9":{"name":"(anonymous_9)","decl":{"start":{"line":46,"column":8},"end":{"line":46,"column":29}},"loc":{"start":{"line":46,"column":39},"end":{"line":52,"column":null}},"line":46},"10":{"name":"(anonymous_10)","decl":{"start":{"line":55,"column":21},"end":{"line":55,"column":28}},"loc":{"start":{"line":55,"column":56},"end":{"line":72,"column":null}},"line":55},"11":{"name":"(anonymous_11)","decl":{"start":{"line":76,"column":25},"end":{"line":76,"column":37}},"loc":{"start":{"line":76,"column":37},"end":{"line":90,"column":null}},"line":76},"12":{"name":"(anonymous_12)","decl":{"start":{"line":94,"column":27},"end":{"line":94,"column":34}},"loc":{"start":{"line":94,"column":40},"end":{"line":119,"column":null}},"line":94},"13":{"name":"(anonymous_13)","decl":{"start":{"line":123,"column":28},"end":{"line":123,"column":35}},"loc":{"start":{"line":123,"column":41},"end":{"line":141,"column":null}},"line":123},"14":{"name":"(anonymous_14)","decl":{"start":{"line":127,"column":6},"end":{"line":127,"column":22}},"loc":{"start":{"line":127,"column":30},"end":{"line":127,"column":68}},"line":127},"15":{"name":"(anonymous_15)","decl":{"start":{"line":137,"column":8},"end":{"line":137,"column":24}},"loc":{"start":{"line":137,"column":32},"end":{"line":137,"column":78}},"line":137},"16":{"name":"(anonymous_16)","decl":{"start":{"line":139,"column":8},"end":{"line":139,"column":24}},"loc":{"start":{"line":139,"column":32},"end":{"line":139,"column":100}},"line":139},"17":{"name":"(anonymous_17)","decl":{"start":{"line":166,"column":19},"end":{"line":166,"column":23}},"loc":{"start":{"line":167,"column":12},"end":{"line":207,"column":null}},"line":167},"18":{"name":"(anonymous_18)","decl":{"start":{"line":170,"column":24},"end":{"line":170,"column":null}},"loc":{"start":{"line":170,"column":24},"end":{"line":190,"column":null}},"line":170},"19":{"name":"(anonymous_19)","decl":{"start":{"line":172,"column":50},"end":{"line":172,"column":57}},"loc":{"start":{"line":172,"column":62},"end":{"line":172,"column":87}},"line":172},"20":{"name":"(anonymous_20)","decl":{"start":{"line":193,"column":31},"end":{"line":193,"column":35}},"loc":{"start":{"line":194,"column":18},"end":{"line":204,"column":null}},"line":194},"21":{"name":"(anonymous_21)","decl":{"start":{"line":196,"column":20},"end":{"line":196,"column":35}},"loc":{"start":{"line":196,"column":35},"end":{"line":196,"column":59}},"line":196},"22":{"name":"(anonymous_22)","decl":{"start":{"line":228,"column":18},"end":{"line":228,"column":29}},"loc":{"start":{"line":228,"column":35},"end":{"line":228,"column":null}},"line":228},"23":{"name":"(anonymous_23)","decl":{"start":{"line":249,"column":18},"end":{"line":249,"column":33}},"loc":{"start":{"line":249,"column":33},"end":{"line":249,"column":70}},"line":249},"24":{"name":"(anonymous_24)","decl":{"start":{"line":256,"column":18},"end":{"line":256,"column":33}},"loc":{"start":{"line":256,"column":33},"end":{"line":256,"column":62}},"line":256},"25":{"name":"(anonymous_25)","decl":{"start":{"line":304,"column":27},"end":{"line":304,"column":32}},"loc":{"start":{"line":305,"column":16},"end":{"line":307,"column":null}},"line":305},"26":{"name":"(anonymous_26)","decl":{"start":{"line":326,"column":14},"end":{"line":326,"column":25}},"loc":{"start":{"line":326,"column":31},"end":{"line":326,"column":64}},"line":326}},"branchMap":{"0":{"loc":{"start":{"line":30,"column":8},"end":{"line":31,"column":null}},"type":"if","locations":[{"start":{"line":30,"column":8},"end":{"line":31,"column":null}},{"start":{},"end":{}}],"line":30},"1":{"loc":{"start":{"line":30,"column":12},"end":{"line":30,"column":34}},"type":"binary-expr","locations":[{"start":{"line":30,"column":12},"end":{"line":30,"column":20}},{"start":{"line":30,"column":20},"end":{"line":30,"column":34}}],"line":30},"2":{"loc":{"start":{"line":55,"column":35},"end":{"line":55,"column":56}},"type":"default-arg","locations":[{"start":{"line":55,"column":49},"end":{"line":55,"column":56}}],"line":55},"3":{"loc":{"start":{"line":77,"column":4},"end":{"line":77,"column":null}},"type":"if","locations":[{"start":{"line":77,"column":4},"end":{"line":77,"column":null}},{"start":{},"end":{}}],"line":77},"4":{"loc":{"start":{"line":95,"column":4},"end":{"line":95,"column":null}},"type":"if","locations":[{"start":{"line":95,"column":4},"end":{"line":95,"column":null}},{"start":{},"end":{}}],"line":95},"5":{"loc":{"start":{"line":95,"column":8},"end":{"line":95,"column":46}},"type":"binary-expr","locations":[{"start":{"line":95,"column":8},"end":{"line":95,"column":26}},{"start":{"line":95,"column":26},"end":{"line":95,"column":46}}],"line":95},"6":{"loc":{"start":{"line":110,"column":6},"end":{"line":113,"column":null}},"type":"if","locations":[{"start":{"line":110,"column":6},"end":{"line":113,"column":null}},{"start":{"line":112,"column":13},"end":{"line":113,"column":null}}],"line":110},"7":{"loc":{"start":{"line":113,"column":47},"end":{"line":113,"column":79}},"type":"binary-expr","locations":[{"start":{"line":113,"column":47},"end":{"line":113,"column":62}},{"start":{"line":113,"column":62},"end":{"line":113,"column":79}}],"line":113},"8":{"loc":{"start":{"line":124,"column":4},"end":{"line":141,"column":null}},"type":"if","locations":[{"start":{"line":124,"column":4},"end":{"line":141,"column":null}},{"start":{},"end":{}}],"line":124},"9":{"loc":{"start":{"line":124,"column":8},"end":{"line":124,"column":69}},"type":"binary-expr","locations":[{"start":{"line":124,"column":8},"end":{"line":124,"column":29}},{"start":{"line":124,"column":29},"end":{"line":124,"column":50}},{"start":{"line":124,"column":54},"end":{"line":124,"column":69}}],"line":124},"10":{"loc":{"start":{"line":173,"column":30},"end":{"line":173,"column":null}},"type":"cond-expr","locations":[{"start":{"line":173,"column":43},"end":{"line":173,"column":70}},{"start":{"line":173,"column":70},"end":{"line":173,"column":null}}],"line":173},"11":{"loc":{"start":{"line":197,"column":119},"end":{"line":197,"column":null}},"type":"cond-expr","locations":[{"start":{"line":197,"column":152},"end":{"line":197,"column":199}},{"start":{"line":197,"column":199},"end":{"line":197,"column":null}}],"line":197},"12":{"loc":{"start":{"line":199,"column":48},"end":{"line":199,"column":null}},"type":"cond-expr","locations":[{"start":{"line":199,"column":81},"end":{"line":199,"column":115}},{"start":{"line":199,"column":115},"end":{"line":199,"column":null}}],"line":199},"13":{"loc":{"start":{"line":202,"column":21},"end":{"line":202,"column":null}},"type":"binary-expr","locations":[{"start":{"line":202,"column":21},"end":{"line":202,"column":53}},{"start":{"line":202,"column":53},"end":{"line":202,"column":null}}],"line":202},"14":{"loc":{"start":{"line":203,"column":21},"end":{"line":203,"column":null}},"type":"binary-expr","locations":[{"start":{"line":203,"column":21},"end":{"line":203,"column":55}},{"start":{"line":203,"column":55},"end":{"line":203,"column":null}}],"line":203},"15":{"loc":{"start":{"line":212,"column":11},"end":{"line":286,"column":null}},"type":"cond-expr","locations":[{"start":{"line":213,"column":12},"end":{"line":217,"column":15}},{"start":{"line":217,"column":14},"end":{"line":286,"column":null}}],"line":212},"16":{"loc":{"start":{"line":217,"column":14},"end":{"line":286,"column":null}},"type":"cond-expr","locations":[{"start":{"line":218,"column":12},"end":{"line":265,"column":13}},{"start":{"line":265,"column":12},"end":{"line":286,"column":null}}],"line":217},"17":{"loc":{"start":{"line":235,"column":54},"end":{"line":235,"column":120}},"type":"cond-expr","locations":[{"start":{"line":235,"column":68},"end":{"line":235,"column":84}},{"start":{"line":235,"column":84},"end":{"line":235,"column":120}}],"line":235},"18":{"loc":{"start":{"line":239,"column":19},"end":{"line":242,"column":null}},"type":"binary-expr","locations":[{"start":{"line":239,"column":19},"end":{"line":239,"column":null}},{"start":{"line":240,"column":20},"end":{"line":242,"column":null}}],"line":239},"19":{"loc":{"start":{"line":240,"column":60},"end":{"line":240,"column":null}},"type":"cond-expr","locations":[{"start":{"line":240,"column":89},"end":{"line":240,"column":108}},{"start":{"line":240,"column":108},"end":{"line":240,"column":null}}],"line":240},"20":{"loc":{"start":{"line":240,"column":108},"end":{"line":240,"column":null}},"type":"cond-expr","locations":[{"start":{"line":240,"column":137},"end":{"line":240,"column":154}},{"start":{"line":240,"column":154},"end":{"line":240,"column":null}}],"line":240},"21":{"loc":{"start":{"line":276,"column":17},"end":{"line":284,"column":null}},"type":"cond-expr","locations":[{"start":{"line":277,"column":18},"end":{"line":282,"column":19}},{"start":{"line":282,"column":18},"end":{"line":284,"column":null}}],"line":276},"22":{"loc":{"start":{"line":299,"column":13},"end":{"line":307,"column":null}},"type":"cond-expr","locations":[{"start":{"line":300,"column":14},"end":{"line":301,"column":29}},{"start":{"line":301,"column":16},"end":{"line":307,"column":null}}],"line":299},"23":{"loc":{"start":{"line":301,"column":16},"end":{"line":307,"column":null}},"type":"cond-expr","locations":[{"start":{"line":302,"column":14},"end":{"line":304,"column":27}},{"start":{"line":304,"column":14},"end":{"line":307,"column":null}}],"line":301},"24":{"loc":{"start":{"line":305,"column":80},"end":{"line":305,"column":null}},"type":"cond-expr","locations":[{"start":{"line":305,"column":102},"end":{"line":305,"column":156}},{"start":{"line":305,"column":156},"end":{"line":305,"column":null}}],"line":305},"25":{"loc":{"start":{"line":306,"column":19},"end":{"line":306,"column":null}},"type":"cond-expr","locations":[{"start":{"line":306,"column":42},"end":{"line":306,"column":90}},{"start":{"line":306,"column":86},"end":{"line":306,"column":null}}],"line":306},"26":{"loc":{"start":{"line":310,"column":13},"end":{"line":314,"column":null}},"type":"binary-expr","locations":[{"start":{"line":310,"column":13},"end":{"line":310,"column":null}},{"start":{"line":311,"column":14},"end":{"line":314,"column":null}}],"line":310},"27":{"loc":{"start":{"line":323,"column":27},"end":{"line":323,"column":null}},"type":"cond-expr","locations":[{"start":{"line":323,"column":43},"end":{"line":323,"column":81}},{"start":{"line":323,"column":81},"end":{"line":323,"column":null}}],"line":323},"28":{"loc":{"start":{"line":324,"column":24},"end":{"line":324,"column":null}},"type":"binary-expr","locations":[{"start":{"line":324,"column":24},"end":{"line":324,"column":42}},{"start":{"line":324,"column":42},"end":{"line":324,"column":null}}],"line":324}},"s":{"0":22,"1":22,"2":22,"3":22,"4":22,"5":22,"6":22,"7":22,"8":22,"9":22,"10":22,"11":22,"12":22,"13":22,"14":5,"15":5,"16":5,"17":5,"18":0,"19":5,"20":5,"21":5,"22":0,"23":22,"24":12,"25":22,"26":4,"27":4,"28":4,"29":4,"30":4,"31":4,"32":22,"33":1,"34":1,"35":1,"36":1,"37":1,"38":1,"39":1,"40":0,"41":0,"42":1,"43":22,"44":0,"45":0,"46":0,"47":0,"48":0,"49":0,"50":0,"51":0,"52":0,"53":22,"54":1,"55":0,"56":1,"57":1,"58":1,"59":1,"60":1,"61":1,"62":1,"63":1,"64":1,"65":1,"66":1,"67":0,"68":0,"69":1,"70":1,"71":22,"72":1,"73":1,"74":1,"75":1,"76":1,"77":1,"78":1,"79":1,"80":1,"81":1,"82":1,"83":0,"84":0,"85":1,"86":22,"87":17,"88":17,"89":17,"90":17,"91":17,"92":17,"93":17,"94":17,"95":17,"96":17,"97":4,"98":1,"99":1,"100":0,"101":3,"102":1},"f":{"0":22,"1":5,"2":5,"3":5,"4":0,"5":5,"6":5,"7":0,"8":12,"9":4,"10":1,"11":0,"12":1,"13":1,"14":1,"15":1,"16":0,"17":17,"18":17,"19":17,"20":17,"21":4,"22":1,"23":1,"24":0,"25":3,"26":1},"b":{"0":[5,0],"1":[5,5],"2":[1],"3":[0,0],"4":[0,1],"5":[1,1],"6":[1,0],"7":[0,0],"8":[1,0],"9":[1,1,1],"10":[17,0],"11":[12,5],"12":[12,5],"13":[17,0],"14":[17,0],"15":[10,12],"16":[10,2],"17":[1,9],"18":[10,2],"19":[1,1],"20":[0,1],"21":[1,1],"22":[10,12],"23":[10,2],"24":[2,1],"25":[1,2],"26":[22,1],"27":[12,10],"28":[22,12]},"meta":{"lastBranch":29,"lastFunction":27,"lastStatement":103,"seen":{"f:5:9:5:15":0,"s:6:18:6:44":0,"s:7:19:7:73":1,"s:8:24:8:58":2,"s:11:28:11:67":3,"s:12:21:12:50":4,"s:13:22:13:55":5,"s:14:23:14:54":6,"s:17:24:17:56":7,"s:18:26:18:63":8,"s:21:23:21:54":9,"s:22:25:22:58":10,"s:23:21:23:53":11,"s:24:8:24:33":12,"s:26:2:40:Infinity":13,"f:26:2:26:18":1,"s:27:4:34:Infinity":14,"f:28:7:28:12":2,"s:28:19:28:29":15,"f:29:7:29:12":3,"b:30:8:31:Infinity:undefined:undefined:undefined:undefined":0,"s:30:8:31:Infinity":16,"b:30:12:30:20:30:20:30:34":1,"s:31:10:31:Infinity":17,"f:34:7:34:13":4,"s:34:20:34:65":18,"s:36:4:39:Infinity":19,"f:37:7:37:12":5,"s:37:19:37:29":20,"f:38:7:38:12":6,"s:38:20:38:37":21,"f:39:7:39:13":7,"s:39:20:39:66":22,"s:42:2:44:Infinity":23,"f:42:2:42:18":8,"s:43:4:43:Infinity":24,"s:46:8:52:Infinity":25,"f:46:8:46:29":9,"s:47:4:47:Infinity":26,"s:48:4:48:Infinity":27,"s:49:4:49:Infinity":28,"s:50:4:50:Infinity":29,"s:51:4:51:Infinity":30,"s:52:4:52:Infinity":31,"s:55:21:72:Infinity":32,"f:55:21:55:28":10,"b:55:49:55:56":2,"s:56:4:56:Infinity":33,"s:57:4:57:Infinity":34,"s:58:4:58:Infinity":35,"s:60:4:72:Infinity":36,"s:61:18:65:8":37,"s:66:19:66:35":38,"s:67:6:67:Infinity":39,"s:69:6:69:Infinity":40,"s:70:6:70:Infinity":41,"s:72:6:72:Infinity":42,"s:76:25:90:Infinity":43,"f:76:25:76:37":11,"b:77:4:77:Infinity:undefined:undefined:undefined:undefined":3,"s:77:4:77:Infinity":44,"s:77:24:77:Infinity":45,"s:78:4:78:Infinity":46,"s:79:4:90:Infinity":47,"s:80:18:84:8":48,"s:85:19:85:35":49,"s:86:6:86:Infinity":50,"s:88:6:88:Infinity":51,"s:90:6:90:Infinity":52,"s:94:27:119:Infinity":53,"f:94:27:94:34":12,"b:95:4:95:Infinity:undefined:undefined:undefined:undefined":4,"s:95:4:95:Infinity":54,"b:95:8:95:26:95:26:95:46":5,"s:95:46:95:Infinity":55,"s:96:17:96:Infinity":56,"s:97:21:97:35":57,"s:98:4:98:Infinity":58,"s:99:4:99:Infinity":59,"s:101:4:101:Infinity":60,"s:102:4:102:Infinity":61,"s:104:4:119:Infinity":62,"s:105:18:108:8":63,"s:109:19:109:35":64,"b:110:6:113:Infinity:112:13:113:Infinity":6,"s:110:6:113:Infinity":65,"s:111:8:111:Infinity":66,"s:113:8:113:Infinity":67,"b:113:47:113:62:113:62:113:79":7,"s:116:6:116:Infinity":68,"s:118:6:118:Infinity":69,"s:119:6:119:Infinity":70,"s:123:28:141:Infinity":71,"f:123:28:123:35":13,"b:124:4:141:Infinity:undefined:undefined:undefined:undefined":8,"s:124:4:141:Infinity":72,"b:124:8:124:29:124:29:124:50:124:54:124:69":9,"s:125:18:125:39":73,"s:126:6:126:Infinity":74,"s:127:6:127:Infinity":75,"f:127:6:127:22":14,"s:127:30:127:68":76,"s:128:6:128:Infinity":77,"s:130:6:141:Infinity":78,"s:131:20:135:10":79,"s:136:21:136:37":80,"s:137:8:137:Infinity":81,"f:137:8:137:24":15,"s:137:32:137:78":82,"s:139:8:139:Infinity":83,"f:139:8:139:24":16,"s:139:32:139:100":84,"s:141:8:141:Infinity":85,"s:146:2:330:Infinity":86,"f:166:19:166:23":17,"s:167:12:207:Infinity":87,"f:170:24:170:Infinity":18,"s:171:32:171:Infinity":88,"s:172:36:172:Infinity":89,"f:172:50:172:57":19,"s:172:62:172:87":90,"s:173:30:173:Infinity":91,"b:173:43:173:70:173:70:173:Infinity":10,"s:174:33:174:Infinity":92,"s:175:40:175:Infinity":93,"s:176:33:176:Infinity":94,"s:177:18:186:Infinity":95,"f:193:31:193:35":20,"s:194:18:204:Infinity":96,"f:196:20:196:35":21,"s:196:35:196:59":97,"b:197:152:197:199:197:199:197:Infinity":11,"b:199:81:199:115:199:115:199:Infinity":12,"b:202:21:202:53:202:53:202:Infinity":13,"b:203:21:203:55:203:55:203:Infinity":14,"b:213:12:217:15:217:14:286:Infinity":15,"b:218:12:265:13:265:12:286:Infinity":16,"f:228:18:228:29":22,"s:228:35:228:Infinity":98,"b:235:68:235:84:235:84:235:120":17,"b:239:19:239:Infinity:240:20:242:Infinity":18,"b:240:89:240:108:240:108:240:Infinity":19,"b:240:137:240:154:240:154:240:Infinity":20,"f:249:18:249:33":23,"s:249:33:249:70":99,"f:256:18:256:33":24,"s:256:33:256:62":100,"b:277:18:282:19:282:18:284:Infinity":21,"b:300:14:301:29:301:16:307:Infinity":22,"b:302:14:304:27:304:14:307:Infinity":23,"f:304:27:304:32":25,"s:305:16:307:Infinity":101,"b:305:102:305:156:305:156:305:Infinity":24,"b:306:42:306:90:306:86:306:Infinity":25,"b:310:13:310:Infinity:311:14:314:Infinity":26,"b:323:43:323:81:323:81:323:Infinity":27,"b:324:24:324:42:324:42:324:Infinity":28,"f:326:14:326:25":26,"s:326:31:326:64":102}}}
,"/Users/dev/Hackathons/AI-Learning-Companion-Hackathon-26/frontend/src/main.jsx": {"path":"/Users/dev/Hackathons/AI-Learning-Companion-Hackathon-26/frontend/src/main.jsx","statementMap":{"0":{"start":{"line":6,"column":0},"end":{"line":10,"column":null}}},"fnMap":{},"branchMap":{},"s":{"0":0},"f":{},"b":{},"meta":{"lastBranch":0,"lastFunction":0,"lastStatement":1,"seen":{"s:6:0:10:Infinity":0}}}
}
